<?xml version="1.0" encoding="UTF-8"?>
<testng-results ignored="0" total="4" passed="4" failed="0" skipped="0">
  <reporter-output>
  </reporter-output>
  <suite started-at="2021-12-14T06:17:16Z" name="Suite" finished-at="2021-12-14T06:17:33Z" duration-ms="17340">
    <groups>
    </groups>
    <test started-at="2021-12-14T06:17:16Z" name="Test1" finished-at="2021-12-14T06:17:22Z" duration-ms="6269">
      <class name="com.multiple.MultipleBrowsers">
        <test-method signature="login1(java.lang.String)[pri:1, instance:com.multiple.MultipleBrowsers@59e32960]" started-at="2021-12-14T06:17:16Z" name="login1" finished-at="2021-12-14T06:17:22Z" duration-ms="6239" status="PASS">
          <params>
            <param index="0">
              <value>
                <![CDATA[Chrome]]>
              </value>
            </param>
          </params>
          <reporter-output>
          </reporter-output>
        </test-method> <!-- login1 -->
        <test-method signature="login2(java.lang.String)[pri:2, instance:com.multiple.MultipleBrowsers@59e32960]" started-at="2021-12-14T06:17:22Z" name="login2" finished-at="2021-12-14T06:17:22Z" duration-ms="2" status="PASS">
          <params>
            <param index="0">
              <value>
                <![CDATA[Chrome]]>
              </value>
            </param>
          </params>
          <reporter-output>
          </reporter-output>
        </test-method> <!-- login2 -->
      </class> <!-- com.multiple.MultipleBrowsers -->
    </test> <!-- Test1 -->
    <test started-at="2021-12-14T06:17:22Z" name="Test2" finished-at="2021-12-14T06:17:33Z" duration-ms="11029">
      <class name="com.multiple.MultipleBrowsers">
        <test-method signature="login1(java.lang.String)[pri:1, instance:com.multiple.MultipleBrowsers@7393222f]" started-at="2021-12-14T06:17:22Z" name="login1" finished-at="2021-12-14T06:17:22Z" duration-ms="2" status="PASS">
          <params>
            <param index="0">
              <value>
                <![CDATA[Edge]]>
              </value>
            </param>
          </params>
          <reporter-output>
          </reporter-output>
        </test-method> <!-- login1 -->
        <test-method signature="login2(java.lang.String)[pri:2, instance:com.multiple.MultipleBrowsers@7393222f]" started-at="2021-12-14T06:17:22Z" name="login2" finished-at="2021-12-14T06:17:33Z" duration-ms="11021" status="PASS">
          <params>
            <param index="0">
              <value>
                <![CDATA[Edge]]>
              </value>
            </param>
          </params>
          <reporter-output>
          </reporter-output>
        </test-method> <!-- login2 -->
      </class> <!-- com.multiple.MultipleBrowsers -->
    </test> <!-- Test2 -->
  </suite> <!-- Suite -->
</testng-results>
